<?xml version="1.0" encoding="UTF-8"?>
<testExecutions version="1">
    <file path="C:\Users\dezko\Documents\2021\SENG302\Project_Full\team-400\frontend\tests\registration.test.js">
        <testCase name="First name with no input" duration="6"/>
        <testCase name="First name with less than min length" duration="1"/>
        <testCase name="First name with more than max length" duration="1"/>
        <testCase name="First name with correct name syntax and leading spaces" duration="0"/>
        <testCase name="First name with correct name syntax and trailing spaces" duration="1"/>
        <testCase name="First name with correct name syntax, including hyphen" duration="0"/>
        <testCase name="First name with correct name syntax, including space" duration="1"/>
        <testCase name="First name with incorrect name syntax with numbers" duration="0"/>
        <testCase name="First name with incorrect name syntax with symbols" duration="1"/>
        <testCase name="First name with correct name syntax with apostrophes" duration="0"/>
        <testCase name="Middle name with no input" duration="1"/>
        <testCase name="Middle name with less than min length" duration="0"/>
        <testCase name="Middle name with more than max length" duration="1"/>
        <testCase name="Middle name with correct name syntax and leading spaces" duration="0"/>
        <testCase name="Middle name with correct name syntax and trailing spaces" duration="0"/>
        <testCase name="Middle name with correct name syntax, including hyphen" duration="1"/>
        <testCase name="Middle name with correct name syntax, including space" duration="0"/>
        <testCase name="Middle name with incorrect name syntax with numbers" duration="1"/>
        <testCase name="Middle name with incorrect name syntax with symbols" duration="0"/>
        <testCase name="Middle name with correct name syntax with apostrophes" duration="0"/>
        <testCase name="Last name with no input" duration="0"/>
        <testCase name="Last name with less than min length" duration="0"/>
        <testCase name="Last name with more than max length" duration="6"/>
        <testCase name="Last name with correct name syntax and leading spaces" duration="0"/>
        <testCase name="Last name with correct name syntax and trailing spaces" duration="0"/>
        <testCase name="Last name with correct name syntax, including hyphen" duration="1"/>
        <testCase name="Last name with correct name syntax, including space" duration="0"/>
        <testCase name="Last name with incorrect name syntax with numbers" duration="1"/>
        <testCase name="Last name with incorrect name syntax with symbols" duration="1"/>
        <testCase name="Last name with correct name syntax with apostrophes" duration="1"/>
        <testCase name="Nickname with no input" duration="0"/>
        <testCase name="Nickname with less than min length" duration="1"/>
        <testCase name="Nickname with more than max length" duration="0"/>
        <testCase name="Nickname with correct name syntax and leading spaces" duration="0"/>
        <testCase name="Nickname with correct name syntax and trailing spaces" duration="1"/>
        <testCase name="Nickname with correct name syntax, including hyphen" duration="0"/>
        <testCase name="Nickname with correct name syntax, including space" duration="0"/>
        <testCase name="Nickname with incorrect name syntax with numbers" duration="1"/>
        <testCase name="Nick name with incorrect name syntax with symbols" duration="1"/>
        <testCase name="Nickname with correct name syntax with apostrophes" duration="0"/>
        <testCase name="Bio with no input" duration="1"/>
        <testCase name="Bio with any input within length" duration="0"/>
        <testCase name="Bio with any input greater than allowed length" duration="1"/>
        <testCase name="Email with no input" duration="0"/>
        <testCase name="Email with input that is too short" duration="0"/>
        <testCase name="Email with input that is too long" duration="1"/>
        <testCase name="Email with input that is missing @" duration="0"/>
        <testCase name="Email with input that contains invalid symbols" duration="1"/>
        <testCase name="Email with input that space" duration="1"/>
        <testCase name="Home address with no input" duration="1"/>
        <testCase name="Home address with no input" duration="0"/>
        <testCase name="Home address with input that is too long" duration="0"/>
        <testCase name="Home address with input that contains allowed symbols" duration="1"/>
        <testCase name="Home address with input that contains invalid symbols" duration="0"/>
        <testCase name="Home address with input that contains the sample data&apos;s home address" duration="1"/>
        <testCase name="Testing the password that the error message is thrown when not meeting the minimum length" duration="0"/>
        <testCase name="Testing the password that an error message is thrown when the maximum length is broken" duration="0"/>
        <testCase name="Testing the password, such that no error messages are thrown given a valid input" duration="1"/>
        <testCase name="Testing the password that no error is thrown when using numbers" duration="1"/>
        <testCase name="Testing the password that no error is thrown when using upper case letters" duration="0"/>
        <testCase name="Testing the password that no error is thrown when using lower case letters" duration="0"/>
        <testCase name="Testing the password that no error is thrown when using symbols !@#$%^&amp;*" duration="0"/>
        <testCase name="Phone number with no input" duration="1"/>
        <testCase name="Phone number with invalid syntax" duration="1"/>
        <testCase name="Phone number that is too long" duration="0"/>
        <testCase name="Phone number with input that contains the sample data&apos;s phone number" duration="1"/>
        <testCase name="Test that the value returned is indeed the current time minus 13 years." duration="2"/>
        <testCase name="Testing isValidDateOfBirth with invalid input 1234--65 gives null." duration="0"/>
        <testCase name="Testing isValidDateOfBirth with invalid input 321E321-546a456-6a54-9874 gives null." duration="1"/>
        <testCase name="Testing isValidDateOfBirth with invalid input !@#)-!@#-!@ gives null." duration="0"/>
        <testCase name="Testing isValidDateOfBirth with invalid input 123AASD- gives null." duration="0"/>
        <testCase name="Testing isValidDateOfBirth with empty string gives null." duration="0"/>
        <testCase name="Testing isValidDateOfBirth with invalid input gives null." duration="1"/>
        <testCase name="Test for boundary date" duration="0"/>
        <testCase name="Test for random early allowable date" duration="1"/>
        <testCase name="Test the children under 13 aren&apos;t allowed by usValidDateOfBirth" duration="0"/>
        <testCase name="Future birthday is disallowed" duration="1"/>
        <testCase name="Test for the street number for the max length" duration="0"/>
        <testCase name="Test for the street number for the minimum length and empty string" duration="1"/>
        <testCase name="Testing for a valid street number" duration="0"/>
        <testCase name="Testing for the street number with symbols" duration="0"/>
        <testCase name="Test for the street name for the max length" duration="1"/>
        <testCase name="Test for the street name for the minimum length and empty string" duration="0"/>
        <testCase name="Testing for a valid street name" duration="0"/>
        <testCase name="Testing for the street name with symbols" duration="1"/>
        <testCase name="Test for the city for the max length" duration="0"/>
        <testCase name="Test for the city for the minimum length and empty string" duration="1"/>
        <testCase name="Testing for a valid city" duration="0"/>
        <testCase name="Testing for city with numbers" duration="1"/>
        <testCase name="Testing for the city with symbols" duration="0"/>
        <testCase name="Test for the region for the max length" duration="1"/>
        <testCase name="Test for the region for the minimum length and empty string" duration="0"/>
        <testCase name="Testing for a valid region" duration="1"/>
        <testCase name="Testing for region with numbers" duration="0"/>
        <testCase name="Testing for the region with symbols" duration="0"/>
        <testCase name="Test for the country for the max length" duration="0"/>
        <testCase name="Test for the country for the minimum length and empty string" duration="1"/>
        <testCase name="Testing for a valid country" duration="0"/>
        <testCase name="Testing for country with numbers" duration="1"/>
        <testCase name="Testing for the country with symbols" duration="0"/>
        <testCase name="Test for the postcode for the max length" duration="1"/>
        <testCase name="Test for the postcode for the minimum length and empty string" duration="0"/>
        <testCase name="Testing for a valid suburb" duration="1"/>
        <testCase name="Testing for the postcode with symbols" duration="0"/>
        <testCase name="Test if value 1 &lt; value 2 &lt; 3 gives true" duration="1"/>
        <testCase name="Test if value 1 &gt; value 2 &gt; 3 gives false" duration="0"/>
        <testCase name="Test if value 1 = value 2 = value 3 gives true" duration="0"/>
        <testCase name="Test if value 1 &gt; value 2 = value 3 gives false" duration="1"/>
    </file>
</testExecutions>