<?xml version="1.0" encoding="UTF-8"?>
<testExecutions version="1">
    <file path="D:\2021\University\Semester_1\SENG302\Project\Full_Team\team-400\frontend\tests\profile.test.js">
        <testCase name="isValidRole: Testing for that null role gives false" duration="3"/>
        <testCase name="isValidRole: Testing for that an arbitary string returns false." duration="1"/>
        <testCase name="isValidRole: Testing for that 0 returns false." duration="0"/>
        <testCase name="isValidRole: Testing for User is a valid role" duration="1"/>
        <testCase name="isValidRole: Testing for if Default Global Admin is a valid role" duration="0"/>
        <testCase name="isValidRole: Testing for if lobal Application Admin is a valid role" duration="1"/>
        <testCase name="hasAdminRights: Testing for that null role gives false" duration="0"/>
        <testCase name="hasAdminRights: Testing for that an arbitary string returns false." duration="1"/>
        <testCase name="hasAdminRights: Testing for that 0 returns false." duration="0"/>
        <testCase name="hasAdminRights: Testing for User is not a valid role" duration="1"/>
        <testCase name="hasAdminRights: Testing for if Default Global Admin is a valid role" duration="0"/>
        <testCase name="hasAdminRights: Testing for if lobal Application Admin is a valid role" duration="1"/>
        <testCase name="isDGAA: Testing for that null role gives false" duration="0"/>
        <testCase name="isDGAA: Testing for that an arbitary string returns false." duration="0"/>
        <testCase name="isDGAA: Testing for that 0 returns false." duration="0"/>
        <testCase name="isDGAA: Testing for User is not a DGAA role" duration="1"/>
        <testCase name="isDGAA: Testing for if DGAA is a DGAA role" duration="1"/>
        <testCase name="isDGAA: Testing for if GAA is not a DGAA role" duration="0"/>
        <testCase name="isGAA: Testing for that null role gives false" duration="1"/>
        <testCase name="isGAA: Testing for that an arbitary string returns false." duration="1"/>
        <testCase name="isGAA: Testing for that 0 returns false." duration="0"/>
        <testCase name="isGAA: Testing for User is not a GAA role" duration="1"/>
        <testCase name="isGAA: Testing for if DGAA is not a GAA role" duration="0"/>
        <testCase name="isGAA: Testing for if GAA is a GAA role" duration="1"/>
    </file>
</testExecutions>