<?xml version="1.0" encoding="UTF-8"?>
<testExecutions version="1">
    <file path="C:\Users\dezko\Documents\2021\SENG302\Project_Full\team-400\frontend\tests\products.test.js">
        <testCase name="Product name with no input" duration="4"/>
        <testCase name="Product name with more than max length" duration="0"/>
        <testCase name="Product name with correct name, syntax and leading spaces" duration="1"/>
        <testCase name="Product name with correct name syntax and trailing spaces" duration="0"/>
        <testCase name="Product name with correct name syntax, including hyphen" duration="1"/>
        <testCase name="Product name with correct name syntax, including space" duration="3"/>
        <testCase name="Product name with correct name syntax with numbers" duration="0"/>
        <testCase name="Product name with correct name syntax with supported symbols" duration="0"/>
        <testCase name="Product name with incorrect name syntax with symbols not supported" duration="1"/>
        <testCase name="Product name with correct name syntax with apostrophes" duration="0"/>
        <testCase name="Description with no input" duration="1"/>
        <testCase name="Description with any input within length" duration="0"/>
        <testCase name="Description with any input greater than allowed length" duration="1"/>
    </file>
</testExecutions>