<?xml version="1.0" encoding="UTF-8"?>
<testExecutions version="1">
    <file path="C:\Users\dezko\Documents\2021\SENG302\Project_Full\team-400\frontend\tests\businessRegistration.test.js">
        <testCase name="Business name with no input" duration="8"/>
        <testCase name="Business name with more than max length" duration="0"/>
        <testCase name="Business name with correct name, syntax and leading spaces" duration="0"/>
        <testCase name="Business name with correct name syntax and trailing spaces" duration="1"/>
        <testCase name="Business name with correct name syntax, including hyphen" duration="1"/>
        <testCase name="Business name with correct name syntax, including space" duration="0"/>
        <testCase name="Business name with correct name syntax with numbers" duration="1"/>
        <testCase name="Business name with correct name syntax with supported symbols" duration="0"/>
        <testCase name="Business name with incorrect name syntax with symbols not supported" duration="0"/>
        <testCase name="Business name with correct name syntax with apostrophes" duration="1"/>
        <testCase name="Description with no input" duration="0"/>
        <testCase name="Description with any input within length" duration="1"/>
        <testCase name="Description with any input greater than allowed length" duration="0"/>
        <testCase name="Business address with no input" duration="1"/>
        <testCase name="Business address with input that is too long" duration="0"/>
        <testCase name="Business address with input that contains allowed symbols" duration="1"/>
        <testCase name="Business address with input that contains invalid symbols" duration="0"/>
        <testCase name="Business address with input that contains the sample data&apos;s business address" duration="0"/>
        <testCase name="Test for the street address for the max length" duration="0"/>
        <testCase name="Test for the street address for empty string" duration="0"/>
        <testCase name="Testing for a valid street address" duration="1"/>
        <testCase name="Testing for street address with numbers" duration="0"/>
        <testCase name="Testing for the street address with symbols" duration="0"/>
        <testCase name="Test for the city for the max length" duration="1"/>
        <testCase name="Test for the city for empty string" duration="0"/>
        <testCase name="Testing for a valid city" duration="1"/>
        <testCase name="Testing for city with numbers" duration="0"/>
        <testCase name="Testing for the city with symbols" duration="1"/>
        <testCase name="Test for the region for the max length" duration="1"/>
        <testCase name="Test for the region for empty string" duration="0"/>
        <testCase name="Testing for a valid region" duration="0"/>
        <testCase name="Testing for region with numbers" duration="1"/>
        <testCase name="Testing for the region with symbols" duration="1"/>
        <testCase name="Test for the country for the max length" duration="0"/>
        <testCase name="Test for the country for the minimum length and empty string" duration="1"/>
        <testCase name="Testing for a valid country" duration="0"/>
        <testCase name="Testing for country with numbers" duration="0"/>
        <testCase name="Testing for the country with symbols" duration="0"/>
        <testCase name="Testing for the country with symbols" duration="1"/>
        <testCase name="Test for the suburb for the max length" duration="0"/>
        <testCase name="Test for the suburb for empty string" duration="0"/>
        <testCase name="Testing for a valid suburb" duration="1"/>
        <testCase name="Testing for suburb with numbers" duration="0"/>
        <testCase name="Testing for the suburb with symbols" duration="0"/>
        <testCase name="Test for the postcode for the max length" duration="1"/>
        <testCase name="Test for the postcode for empty string" duration="0"/>
        <testCase name="Testing for a valid postcode" duration="1"/>
        <testCase name="Testing for postcode with numbers" duration="0"/>
        <testCase name="Testing for the postcode with symbols" duration="0"/>
        <testCase name="Test if value 1 &lt; value 2 &lt; 3 gives true" duration="0"/>
        <testCase name="Test if value 1 &gt; value 2 &gt; 3 gives false" duration="0"/>
        <testCase name="Test if value 1 = value 2 = value 3 gives true" duration="0"/>
        <testCase name="Test if value 1 &gt; value 2 = value 3 gives false" duration="0"/>
    </file>
</testExecutions>